make all --print-data-base --no-builtin-variables --no-builtin-rules --question
# GNU Make 4.3
# Built for x86_64-pc-linux-gnu
# Copyright (C) 1988-2020 Free Software Foundation, Inc.
# License GPLv3+: GNU GPL version 3 or later <http://gnu.org/licenses/gpl.html>
# This is free software: you are free to change and redistribute it.
# There is NO WARRANTY, to the extent permitted by law.

# Make data base, printed on Mon Aug  8 09:35:56 2022

# Variables

# environment
LC_ALL = C
# environment
WSLENV = ELECTRON_RUN_AS_NODE/w:WT_SESSION::WT_PROFILE_ID
# environment
VSCODE_CWD = /mnt/c/Users/felip/AppData/Local/Programs/Microsoft VS Code
# default
MAKE_COMMAND := make
# environment
VSCODE_HANDLES_SIGPIPE = true
# automatic
@D = $(patsubst %/,%,$(dir $@))
# environment
VSCODE_HANDLES_UNCAUGHT_ERRORS = true
# default
.VARIABLES := 
# environment
PWD = /home/felipevale/DEV/C/uC/ports/06
# automatic
%D = $(patsubst %/,%,$(dir $%))
# environment
OLDPWD = /mnt/c/Users/felip/AppData/Local/Programs/Microsoft VS Code
# automatic
^D = $(patsubst %/,%,$(dir $^))
# automatic
%F = $(notdir $%)
# environment
LANG = C
# default
.LOADED := 
# default
.INCLUDE_DIRS = /usr/include /usr/local/include /usr/include
# makefile
MAKEFLAGS = pqrR
# makefile
CURDIR := /home/felipevale/DEV/C/uC/ports/06
# environment
APPLICATION_INSIGHTS_NO_DIAGNOSTIC_CHANNEL = 1
# makefile (from 'Makefile', line 5)
SRCS := src/main.c
# automatic
*D = $(patsubst %/,%,$(dir $*))
# makefile (from 'Makefile', line 9)
CHIP = --chip=16f887
# environment
MFLAGS = -pqrR
# default
.SHELLFLAGS := -c
# automatic
+D = $(patsubst %/,%,$(dir $+))
# environment
P9K_SSH = 0
# makefile (from 'Makefile', line 1)
MAKEFILE_LIST := Makefile
# automatic
@F = $(notdir $@)
# automatic
?D = $(patsubst %/,%,$(dir $?))
# environment
WT_PROFILE_ID = {a5a97cb8-8961-5535-816d-772efe0c6a3f}
# makefile (from 'Makefile', line 6)
INCLUDES := src/I2C.h src/I2C_LCD.h src/config.h src/functions.h
# automatic
*F = $(notdir $*)
# automatic
<D = $(patsubst %/,%,$(dir $<))
# environment
P9K_TTY = old
# environment
VSCODE_NLS_CONFIG = {"locale":"pt-br","availableLanguages":{"*":"pt-br"},"_languagePackId":"dc7ba51c4efcfec965eaa07de065afd6.pt-br","_translationsConfigFile":"/home/felipevale/.vscode-server/data/clp/dc7ba51c4efcfec965eaa07de065afd6.pt-br/tcf.json","_cacheRoot":"/home/felipevale/.vscode-server/data/clp/dc7ba51c4efcfec965eaa07de065afd6.pt-br","_resolvedLanguagePackCoreLocation":"/home/felipevale/.vscode-server/data/clp/dc7ba51c4efcfec965eaa07de065afd6.pt-br/da76f93349a72022ca4670c1b84860304616aaa2","_corruptedFile":"/home/felipevale/.vscode-server/data/clp/dc7ba51c4efcfec965eaa07de065afd6.pt-br/corrupted.info","_languagePackSupport":true}
# default
MAKE_HOST := x86_64-pc-linux-gnu
# makefile (from 'Makefile', line 7)
OBJS :=  src/main.obj
# makefile
SHELL = /bin/sh
# default
MAKECMDGOALS := all
# environment
SHLVL = 3
# environment
MAKELEVEL := 0
# default
MAKE = $(MAKE_COMMAND)
# environment
PATH = /home/felipevale/.vscode-server/bin/da76f93349a72022ca4670c1b84860304616aaa2/bin/remote-cli:/home/felipevale/.local/bin:/home/felipevale/.cargo/bin:/home/felipevale/.asdf/shims:/opt/asdf-vm/bin:/usr/local/sbin:/usr/local/bin:/usr/sbin:/usr/bin:/sbin:/bin:/usr/games:/usr/local/games:/usr/lib/wsl/lib:/mnt/c/Program Files (x86)/Common Files/Oracle/Java/javapath:/mnt/c/Windows/system32:/mnt/c/Windows:/mnt/c/Windows/System32/Wbem:/mnt/c/Windows/System32/WindowsPowerShell/v1.0/:/mnt/c/Windows/System32/OpenSSH/:/mnt/c/Program Files/Docker/Docker/resources/bin:/mnt/c/ProgramData/DockerDesktop/version-bin:/mnt/c/Program Files/Git/cmd:/mnt/c/Users/felip/AppData/Local/Microsoft/WindowsApps:/mnt/c/Users/felip/AppData/Local/Programs/Microsoft VS Code/bin:/usr/bin/site_perl:/usr/bin/vendor_perl:/usr/bin/core_perl:/opt/microchip/xc8/v2.36/bin
# default
MAKEFILES := 
# automatic
^F = $(notdir $^)
# environment
WT_SESSION = e2256eba-5740-4b6f-8687-3da88f1340c4
# automatic
?F = $(notdir $?)
# environment
NAME = Code
# environment
HOSTTYPE = x86_64
# automatic
+F = $(notdir $+)
# environment
WSL_INTEROP = /run/WSL/10_interop
# 'override' directive
GNUMAKEFLAGS := 
# environment
LOGNAME = felipevale
# environment
VSCODE_WSL_EXT_LOCATION = /mnt/c/Users/felip/.vscode/extensions/ms-vscode-remote.remote-wsl-0.66.3
# environment
ASDF_DIR = /opt/asdf-vm
# makefile
.DEFAULT_GOAL := all
# environment
USER = felipevale
# default
MAKE_VERSION := 4.3
# environment
_ = /usr/sbin/make
# makefile (from 'Makefile', line 1)
PHONY. = all proj clean
# environment
VSCODE_IPC_HOOK_CLI = /tmp/vscode-ipc-dbb9ba3f-f7e7-4de5-aedc-8261864115b3.sock
# environment
VSCODE_AMD_ENTRYPOINT = vs/workbench/api/node/extensionHostProcess
# environment
HOME = /home/felipevale
# environment
xc8 = /home/felipevale/.local/bin:/home/felipevale/.cargo/bin:/home/felipevale/.asdf/shims:/opt/asdf-vm/bin:/usr/local/sbin:/usr/local/bin:/usr/sbin:/usr/bin:/sbin:/bin:/usr/games:/usr/local/games:/usr/lib/wsl/lib:/mnt/c/Program Files (x86)/Common Files/Oracle/Java/javapath:/mnt/c/Windows/system32:/mnt/c/Windows:/mnt/c/Windows/System32/Wbem:/mnt/c/Windows/System32/WindowsPowerShell/v1.0/:/mnt/c/Windows/System32/OpenSSH/:/mnt/c/Program Files/Docker/Docker/resources/bin:/mnt/c/ProgramData/DockerDesktop/version-bin:/mnt/c/Program Files/Git/cmd:/mnt/c/Users/felip/AppData/Local/Microsoft/WindowsApps:/mnt/c/Users/felip/AppData/Local/Programs/Microsoft VS Code/bin:/usr/bin/site_perl:/usr/bin/vendor_perl:/usr/bin/core_perl:/opt/microchip/xc8/v2.36/bin/xc8
# environment
ELECTRON_RUN_AS_NODE = 1
# environment
TERM = xterm-256color
# default
.RECIPEPREFIX := 
# automatic
<F = $(notdir $<)
# default
SUFFIXES := 
# environment
_P9K_TTY = /dev/pts/0
# environment
WSL_DISTRO_NAME = Arch
# default
.FEATURES := target-specific order-only second-expansion else-if shortest-stem undefine oneshell nocomment grouped-target extra-prereqs archives jobserver output-sync check-symlink guile load
# makefile (from 'Makefile', line 3)
CC = xc8
# variable set hash-table stats:
# Load=73/1024=7%, Rehash=0, Collisions=4/111=4%

# Pattern-specific Variable Values

# No pattern-specific variable values.

# Directories

# src (device 2064, inode 264314): 7 files, no impossibilities.
# . (device 2064, inode 259659): 8 files, no impossibilities.

# 15 files, no impossibilities in 2 directories.

# Implicit Rules

# No implicit rules.

# Files

# Not a target:
src/config.h:
#  Implicit rule search has been done.
#  Last modified 2022-08-02 08:25:42.6954171
#  File has been updated.
#  Successfully updated.

# Not a target:
Makefile:
#  Implicit rule search has been done.
#  Last modified 2022-08-02 08:25:23.0354171
#  File has been updated.
#  Successfully updated.

clean:
#  Implicit rule search has not been done.
#  Modification time never checked.
#  File has not been updated.
#  recipe to execute (from 'Makefile', line 17):
	rm *.as
	rm *.cmf
	rm *.d
	rm *.lst
	rm *.obj
	rm *.p1
	rm *.pre
	rm *.rlf
	rm *.sdb
	rm *.sym

# Not a target:
src/functions.h:
#  Implicit rule search has been done.
#  Last modified 2022-08-06 08:43:18.3438121
#  File has been updated.
#  Successfully updated.

# Not a target:
src/main.c:
#  Implicit rule search has been done.
#  Last modified 2022-08-04 07:47:14.0076413
#  File has been updated.
#  Successfully updated.

# Not a target:
src/I2C.h:
#  Implicit rule search has been done.
#  Last modified 2022-08-06 10:25:11.293552
#  File has been updated.
#  Successfully updated.

# Not a target:
.DEFAULT:
#  Implicit rule search has not been done.
#  Modification time never checked.
#  File has not been updated.

all: main
#  Command line target.
#  Implicit rule search has been done.
#  File does not exist.
#  File has been updated.
#  Needs to be updated (-q is set).
# variable set hash-table stats:
# Load=0/32=0%, Rehash=0, Collisions=0/5=0%

main: src/main.c src/I2C.h src/I2C_LCD.h src/config.h src/functions.h
#  Implicit rule search has not been done.
#  Implicit/static pattern stem: ''
#  File does not exist.
#  File has been updated.
#  Needs to be updated (-q is set).
# automatic
# @ := main
# automatic
# * := 
# automatic
# < := src/main.c
# automatic
# + := src/main.c src/I2C.h src/I2C_LCD.h src/config.h src/functions.h
# automatic
# % := 
# automatic
# ^ := src/main.c src/I2C.h src/I2C_LCD.h src/config.h src/functions.h
# automatic
# ? := src/main.c src/I2C.h src/I2C_LCD.h src/config.h src/functions.h
# automatic
# | := 
# variable set hash-table stats:
# Load=8/32=25%, Rehash=0, Collisions=2/14=14%
#  recipe to execute (from 'Makefile', line 14):
	${CC} ${CHIP} $<

# Not a target:
src/I2C_LCD.h:
#  Implicit rule search has been done.
#  Last modified 2022-08-06 12:13:55.583552
#  File has been updated.
#  Successfully updated.

 
# Not a target:
.SUFFIXES:
#  Implicit rule search has not been done.
#  Modification time never checked.
#  File has not been updated.

# files hash-table stats:
# Load=11/1024=1%, Rehash=0, Collisions=0/30=0%
# VPATH Search Paths

# No 'vpath' search paths.

# No general ('VPATH' variable) search path.

# strcache buffers: 1 (0) / strings = 25 / storage = 227 B / avg = 9 B
# current buf: size = 8162 B / used = 227 B / count = 25 / avg = 9 B

# strcache performance: lookups = 38 / hit rate = 34%
# hash-table stats:
# Load=25/8192=0%, Rehash=0, Collisions=0/38=0%
# Finished Make data base on Mon Aug  8 09:35:56 2022

 
