make all --print-data-base --no-builtin-variables --no-builtin-rules --question
make: *** No rule to make target 'all'.  Stop.

# GNU Make 4.3
# Built for x86_64-pc-linux-gnu
# Copyright (C) 1988-2020 Free Software Foundation, Inc.
# License GPLv3+: GNU GPL version 3 or later <http://gnu.org/licenses/gpl.html>
# This is free software: you are free to change and redistribute it.
# There is NO WARRANTY, to the extent permitted by law.

# Make data base, printed on Thu Aug 25 08:43:01 2022

# Variables

# environment
LC_ALL = C
# environment
WSLENV = ELECTRON_RUN_AS_NODE/w:WT_SESSION::WT_PROFILE_ID
# environment
VSCODE_CWD = /mnt/c/Users/felip/AppData/Local/Programs/Microsoft VS Code
# default
MAKE_COMMAND := make
# environment
VSCODE_HANDLES_SIGPIPE = true
# automatic
@D = $(patsubst %/,%,$(dir $@))
# environment
VSCODE_HANDLES_UNCAUGHT_ERRORS = true
# default
.VARIABLES := 
# environment
PWD = /home/felipevale/DEV/C/uC/interruptions
# automatic
%D = $(patsubst %/,%,$(dir $%))
# environment
OLDPWD = /mnt/c/Users/felip/AppData/Local/Programs/Microsoft VS Code
# automatic
^D = $(patsubst %/,%,$(dir $^))
# automatic
%F = $(notdir $%)
# environment
LANG = C
# default
.LOADED := 
# default
.INCLUDE_DIRS = /usr/include /usr/local/include /usr/include
# makefile
MAKEFLAGS = pqrR
# makefile
CURDIR := /home/felipevale/DEV/C/uC/interruptions
# environment
APPLICATION_INSIGHTS_NO_DIAGNOSTIC_CHANNEL = true
# automatic
*D = $(patsubst %/,%,$(dir $*))
# environment
MFLAGS = -pqrR
# default
.SHELLFLAGS := -c
# automatic
+D = $(patsubst %/,%,$(dir $+))
# environment
P9K_SSH = 0
# makefile
MAKEFILE_LIST := 
# automatic
@F = $(notdir $@)
# automatic
?D = $(patsubst %/,%,$(dir $?))
# environment
WT_PROFILE_ID = {a5a97cb8-8961-5535-816d-772efe0c6a3f}
# automatic
*F = $(notdir $*)
# automatic
<D = $(patsubst %/,%,$(dir $<))
# environment
P9K_TTY = old
# environment
VSCODE_NLS_CONFIG = {"locale":"pt-br","availableLanguages":{"*":"pt-br"},"_languagePackId":"8e7a008e83c664b9876a8f72ff0490ae.pt-br","_translationsConfigFile":"/home/felipevale/.vscode-server/data/clp/8e7a008e83c664b9876a8f72ff0490ae.pt-br/tcf.json","_cacheRoot":"/home/felipevale/.vscode-server/data/clp/8e7a008e83c664b9876a8f72ff0490ae.pt-br","_resolvedLanguagePackCoreLocation":"/home/felipevale/.vscode-server/data/clp/8e7a008e83c664b9876a8f72ff0490ae.pt-br/e4503b30fc78200f846c62cf8091b76ff5547662","_corruptedFile":"/home/felipevale/.vscode-server/data/clp/8e7a008e83c664b9876a8f72ff0490ae.pt-br/corrupted.info","_languagePackSupport":true}
# default
MAKE_HOST := x86_64-pc-linux-gnu
# makefile
SHELL = /bin/sh
# default
MAKECMDGOALS := all
# environment
SHLVL = 3
# environment
MAKELEVEL := 0
# default
MAKE = $(MAKE_COMMAND)
# environment
PATH = /home/felipevale/.vscode-server/bin/e4503b30fc78200f846c62cf8091b76ff5547662/bin/remote-cli:/home/felipevale/.local/bin:/home/felipevale/.cargo/bin:/home/felipevale/.asdf/shims:/opt/asdf-vm/bin:/usr/local/sbin:/usr/local/bin:/usr/sbin:/usr/bin:/sbin:/bin:/usr/games:/usr/local/games:/usr/lib/wsl/lib:/mnt/c/Program Files (x86)/Common Files/Oracle/Java/javapath:/mnt/c/Windows/system32:/mnt/c/Windows:/mnt/c/Windows/System32/Wbem:/mnt/c/Windows/System32/WindowsPowerShell/v1.0/:/mnt/c/Windows/System32/OpenSSH/:/mnt/c/Program Files/Docker/Docker/resources/bin:/mnt/c/ProgramData/DockerDesktop/version-bin:/mnt/c/Program Files/Git/cmd:/mnt/c/Program Files/dotnet/:/mnt/c/Users/felip/AppData/Local/Microsoft/WindowsApps:/mnt/c/Users/felip/AppData/Local/Programs/Microsoft VS Code/bin:/usr/bin/site_perl:/usr/bin/vendor_perl:/usr/bin/core_perl:/opt/microchip/xc8/v2.36/bin:~/DEV/C/uC/scripts/create-project/create-project.sh
# default
MAKEFILES := 
# automatic
^F = $(notdir $^)
# environment
WT_SESSION = 75bd6226-f09f-445f-a121-103956d1a34f
# automatic
?F = $(notdir $?)
# environment
NAME = Code
# environment
HOSTTYPE = x86_64
# automatic
+F = $(notdir $+)
# environment
WSL_INTEROP = /run/WSL/10_interop
# 'override' directive
GNUMAKEFLAGS := 
# environment
LOGNAME = felipevale
# environment
VSCODE_WSL_EXT_LOCATION = /mnt/c/Users/felip/.vscode/extensions/ms-vscode-remote.remote-wsl-0.66.3
# environment
ASDF_DIR = /opt/asdf-vm
# makefile
.DEFAULT_GOAL := 
# environment
USER = felipevale
# default
MAKE_VERSION := 4.3
# environment
_ = /usr/sbin/make
# environment
VSCODE_IPC_HOOK_CLI = /tmp/vscode-ipc-b91dab08-35b5-4d23-bb1b-ef0e9bad0438.sock
# environment
VSCODE_AMD_ENTRYPOINT = vs/workbench/api/node/extensionHostProcess
# environment
HOME = /home/felipevale
# environment
xc8 = /home/felipevale/.local/bin:/home/felipevale/.cargo/bin:/home/felipevale/.asdf/shims:/opt/asdf-vm/bin:/usr/local/sbin:/usr/local/bin:/usr/sbin:/usr/bin:/sbin:/bin:/usr/games:/usr/local/games:/usr/lib/wsl/lib:/mnt/c/Program Files (x86)/Common Files/Oracle/Java/javapath:/mnt/c/Windows/system32:/mnt/c/Windows:/mnt/c/Windows/System32/Wbem:/mnt/c/Windows/System32/WindowsPowerShell/v1.0/:/mnt/c/Windows/System32/OpenSSH/:/mnt/c/Program Files/Docker/Docker/resources/bin:/mnt/c/ProgramData/DockerDesktop/version-bin:/mnt/c/Program Files/Git/cmd:/mnt/c/Program Files/dotnet/:/mnt/c/Users/felip/AppData/Local/Microsoft/WindowsApps:/mnt/c/Users/felip/AppData/Local/Programs/Microsoft VS Code/bin:/usr/bin/site_perl:/usr/bin/vendor_perl:/usr/bin/core_perl:/opt/microchip/xc8/v2.36/bin/xc8
# environment
ELECTRON_RUN_AS_NODE = 1
# environment
TERM = xterm-256color
# default
.RECIPEPREFIX := 
# automatic
<F = $(notdir $<)
# default
SUFFIXES := 
# environment
_P9K_TTY = /dev/pts/0
# environment
WSL_DISTRO_NAME = Arch
# default
.FEATURES := target-specific order-only second-expansion else-if shortest-stem undefine oneshell nocomment grouped-target extra-prereqs archives jobserver output-sync check-symlink guile load
# variable set hash-table stats:
# Load=67/1024=7%, Rehash=0, Collisions=1/94=1%

# Pattern-specific Variable Values

# No pattern-specific variable values.

# Directories

# . (device 2064, inode 257174): 4 files, no impossibilities.

# 4 files, no impossibilities in 1 directories.

# Implicit Rules

# No implicit rules.

# Files

# Not a target:
Makefile:
#  Implicit rule search has been done.
#  File does not exist.
#  File has been updated.
#  Failed to be updated.

# Not a target:
.DEFAULT:
#  Implicit rule search has not been done.
#  Modification time never checked.
#  File has not been updated.

# Not a target:
all:
#  Command line target.
#  Implicit rule search has been done.
#  File does not exist.
#  File has not been updated.

# Not a target:
makefile:
#  Implicit rule search has been done.
#  File does not exist.
#  File has been updated.
#  Failed to be updated.

# Not a target:
GNUmakefile:
#  Implicit rule search has been done.
#  File does not exist.
#  File has been updated.
#  Failed to be updated.

# files hash-table stats:
# Load=6/1024=1%, Rehash=0, Collisions=0/15=0%
# VPATH Search Paths

# No 'vpath' search paths.

# No general ('VPATH' variable) search path.

# strcache buffers: 1 (0) / strings = 12 / storage = 101 B / avg = 8 B
# current buf: size = 8162 B / used = 101 B / count = 12 / avg = 8 B

# strcache performance: lookups = 15 / hit rate = 20%
# hash-table stats:
# Load=12/8192=0%, Rehash=0, Collisions=0/15=0%
# Finished Make data base on Thu Aug 25 08:43:01 2022

 
